<?xml version="1.0" encoding="UTF-8"?>
<testng-results ignored="0" total="1" passed="1" failed="0" skipped="0">
  <reporter-output>
  </reporter-output>
  <suite started-at="2020-02-06T12:47:14Z" name="Default suite" finished-at="2020-02-06T12:47:36Z" duration-ms="22638">
    <groups>
    </groups>
    <test started-at="2020-02-06T12:47:14Z" name="Default test" finished-at="2020-02-06T12:47:36Z" duration-ms="22638">
      <class name="com.bridgelabz.basicselenium.popuphandling.FileDownloadByFirefox">
        <test-method is-config="true" signature="setup()[pri:0, instance:com.bridgelabz.basicselenium.popuphandling.FileDownloadByFirefox@548a102f]" started-at="2020-02-06T12:47:14Z" name="setup" finished-at="2020-02-06T12:47:18Z" duration-ms="3950" status="PASS">
          <reporter-output>
          </reporter-output>
        </test-method> <!-- setup -->
        <test-method signature="downloadFileTest()[pri:0, instance:com.bridgelabz.basicselenium.popuphandling.FileDownloadByFirefox@548a102f]" started-at="2020-02-06T12:47:18Z" name="downloadFileTest" finished-at="2020-02-06T12:47:33Z" duration-ms="15628" status="PASS">
          <reporter-output>
          </reporter-output>
        </test-method> <!-- downloadFileTest -->
        <test-method is-config="true" signature="tearDown()[pri:0, instance:com.bridgelabz.basicselenium.popuphandling.FileDownloadByFirefox@548a102f]" started-at="2020-02-06T12:47:33Z" name="tearDown" finished-at="2020-02-06T12:47:36Z" duration-ms="3041" status="PASS">
          <reporter-output>
          </reporter-output>
        </test-method> <!-- tearDown -->
      </class> <!-- com.bridgelabz.basicselenium.popuphandling.FileDownloadByFirefox -->
    </test> <!-- Default test -->
  </suite> <!-- Default suite -->
</testng-results>
